  mixed_app.cpp
c:\git_repos\mixed_app\mixed_app\firstprojfun.h(24): warning C4129: "e": nicht erkannte Folge von Escapesequenz
c:\git_repos\mixed_app\mixed_app\firstprojfun.h(11): warning C4996: 'scanf': This function or variable may be unsafe. Consider using scanf_s instead. To disable deprecation, use _CRT_SECURE_NO_WARNINGS. See online help for details.
  c:\program files (x86)\windows kits\10\include\10.0.10240.0\ucrt\stdio.h(1270): note: Siehe Deklaration von "scanf"
c:\git_repos\mixed_app\mixed_app\firstprojfun.h(14): warning C4996: 'scanf': This function or variable may be unsafe. Consider using scanf_s instead. To disable deprecation, use _CRT_SECURE_NO_WARNINGS. See online help for details.
  c:\program files (x86)\windows kits\10\include\10.0.10240.0\ucrt\stdio.h(1270): note: Siehe Deklaration von "scanf"
c:\git_repos\mixed_app\mixed_app\firstprojfun.h(17): warning C4996: 'scanf': This function or variable may be unsafe. Consider using scanf_s instead. To disable deprecation, use _CRT_SECURE_NO_WARNINGS. See online help for details.
  c:\program files (x86)\windows kits\10\include\10.0.10240.0\ucrt\stdio.h(1270): note: Siehe Deklaration von "scanf"
c:\git_repos\mixed_app\mixed_app\firstprojfun.h(20): warning C4996: 'scanf': This function or variable may be unsafe. Consider using scanf_s instead. To disable deprecation, use _CRT_SECURE_NO_WARNINGS. See online help for details.
  c:\program files (x86)\windows kits\10\include\10.0.10240.0\ucrt\stdio.h(1270): note: Siehe Deklaration von "scanf"
c:\git_repos\mixed_app\mixed_app\firstprojfun.h(33): warning C4129: "e": nicht erkannte Folge von Escapesequenz
c:\git_repos\mixed_app\mixed_app\firstprojfun.h(37): warning C4129: "e": nicht erkannte Folge von Escapesequenz
c:\git_repos\mixed_app\mixed_app\firstprojfun.h(32): warning C4996: 'scanf': This function or variable may be unsafe. Consider using scanf_s instead. To disable deprecation, use _CRT_SECURE_NO_WARNINGS. See online help for details.
  c:\program files (x86)\windows kits\10\include\10.0.10240.0\ucrt\stdio.h(1270): note: Siehe Deklaration von "scanf"
c:\git_repos\mixed_app\mixed_app\firstprojfun.h(34): warning C4996: 'scanf': This function or variable may be unsafe. Consider using scanf_s instead. To disable deprecation, use _CRT_SECURE_NO_WARNINGS. See online help for details.
  c:\program files (x86)\windows kits\10\include\10.0.10240.0\ucrt\stdio.h(1270): note: Siehe Deklaration von "scanf"
c:\git_repos\mixed_app\mixed_app\mixed_app.cpp(18): warning C4477: "scanf": Die Formatzeichenfolge "%c" erfordert ein Argument vom Typ "char *", das variadic-Argument "1" weist aber den Typ "int *" auf.
c:\git_repos\mixed_app\mixed_app\mixed_app.cpp(18): warning C4996: 'scanf': This function or variable may be unsafe. Consider using scanf_s instead. To disable deprecation, use _CRT_SECURE_NO_WARNINGS. See online help for details.
  c:\program files (x86)\windows kits\10\include\10.0.10240.0\ucrt\stdio.h(1270): note: Siehe Deklaration von "scanf"
  mixed_app.vcxproj -> C:\git_repos\mixed_app\Debug\mixed_app.exe
  mixed_app.vcxproj -> C:\git_repos\mixed_app\Debug\mixed_app.pdb (Full PDB)
